<?xml version="1.0" encoding="utf-8"?>
<TestRun someattributes="" >
    <ResultSummary outcome="Failed">
        <Counters total="115" executed="115" passed="110" error="0" failed="5" timeout="0" aborted="0" inconclusive="0" passedButRunAborted="0" notRunnable="0" notExecuted="0" disconnected="0" warning="0" completed="0" inProgress="0" pending="0" />
    </ResultSummary>
</TestRun>